2025-09-25T11:53:20.713+05:30  INFO 12520 --- [ecommerce] [main] c.c.e.service.impl.CartServiceImplTest   : Starting CartServiceImplTest using Java 21 with PID 12520 (started by 2440575 in C:\Users\2440575\Downloads\ISG25JFA003_E-Commerce\Backend)
2025-09-25T11:53:20.824+05:30 DEBUG 12520 --- [ecommerce] [main] c.c.e.service.impl.CartServiceImplTest   : Running with Spring Boot v3.3.1, Spring v6.1.10
2025-09-25T11:53:20.840+05:30  INFO 12520 --- [ecommerce] [main] c.c.e.service.impl.CartServiceImplTest   : No active profile set, falling back to 1 default profile: "default"
2025-09-25T11:53:22.467+05:30  INFO 12520 --- [ecommerce] [main] .s.d.r.c.RepositoryConfigurationDelegate : Bootstrapping Spring Data JPA repositories in DEFAULT mode.
2025-09-25T11:53:22.656+05:30  INFO 12520 --- [ecommerce] [main] .s.d.r.c.RepositoryConfigurationDelegate : Finished Spring Data repository scanning in 180 ms. Found 12 JPA repository interfaces.
2025-09-25T11:53:23.744+05:30  INFO 12520 --- [ecommerce] [main] o.hibernate.jpa.internal.util.LogHelper  : HHH000204: Processing PersistenceUnitInfo [name: default]
2025-09-25T11:53:23.854+05:30  INFO 12520 --- [ecommerce] [main] org.hibernate.Version                    : HHH000412: Hibernate ORM core version 6.5.2.Final
2025-09-25T11:53:23.915+05:30  INFO 12520 --- [ecommerce] [main] o.h.c.internal.RegionFactoryInitiator    : HHH000026: Second-level cache disabled
2025-09-25T11:53:24.470+05:30  INFO 12520 --- [ecommerce] [main] o.s.o.j.p.SpringPersistenceUnitInfo      : No LoadTimeWeaver setup: ignoring JPA class transformer
2025-09-25T11:53:24.519+05:30  INFO 12520 --- [ecommerce] [main] com.zaxxer.hikari.HikariDataSource       : HikariPool-1 - Starting...
2025-09-25T11:53:25.102+05:30  INFO 12520 --- [ecommerce] [main] com.zaxxer.hikari.pool.HikariPool        : HikariPool-1 - Added connection com.mysql.cj.jdbc.ConnectionImpl@355493bf
2025-09-25T11:53:25.102+05:30  INFO 12520 --- [ecommerce] [main] com.zaxxer.hikari.HikariDataSource       : HikariPool-1 - Start completed.
2025-09-25T11:53:27.220+05:30  INFO 12520 --- [ecommerce] [main] o.h.e.t.j.p.i.JtaPlatformInitiator       : HHH000489: No JTA platform available (set 'hibernate.transaction.jta.platform' to enable JTA platform integration)
2025-09-25T11:53:27.520+05:30  INFO 12520 --- [ecommerce] [main] j.LocalContainerEntityManagerFactoryBean : Initialized JPA EntityManagerFactory for persistence unit 'default'
2025-09-25T11:53:28.970+05:30  INFO 12520 --- [ecommerce] [main] eAuthenticationProviderManagerConfigurer : Global AuthenticationManager configured with AuthenticationProvider bean with name authenticationProvider
2025-09-25T11:53:28.970+05:30  WARN 12520 --- [ecommerce] [main] r$InitializeUserDetailsManagerConfigurer : Global AuthenticationManager configured with an AuthenticationProvider bean. UserDetailsService beans will not be used for username/password login. Consider removing the AuthenticationProvider bean. Alternatively, consider using the UserDetailsService in a manually instantiated DaoAuthenticationProvider.
2025-09-25T11:53:29.241+05:30  WARN 12520 --- [ecommerce] [main] JpaBaseConfiguration$JpaWebConfiguration : spring.jpa.open-in-view is enabled by default. Therefore, database queries may be performed during view rendering. Explicitly configure spring.jpa.open-in-view to disable this warning
2025-09-25T11:53:30.677+05:30  INFO 12520 --- [ecommerce] [main] c.c.e.service.impl.CartServiceImplTest   : Started CartServiceImplTest in 10.59 seconds (process running for 12.541)
2025-09-25T11:53:32.433+05:30  INFO 12520 --- [ecommerce] [SpringApplicationShutdownHook] j.LocalContainerEntityManagerFactoryBean : Closing JPA EntityManagerFactory for persistence unit 'default'
2025-09-25T11:53:32.433+05:30  INFO 12520 --- [ecommerce] [SpringApplicationShutdownHook] com.zaxxer.hikari.HikariDataSource       : HikariPool-1 - Shutdown initiated...
2025-09-25T11:53:32.459+05:30  INFO 12520 --- [ecommerce] [SpringApplicationShutdownHook] com.zaxxer.hikari.HikariDataSource       : HikariPool-1 - Shutdown completed.
2025-09-25T11:54:02.524+05:30  INFO 21456 --- [ecommerce] [main] c.c.e.s.impl.CartItemServiceImplTest     : Starting CartItemServiceImplTest using Java 21 with PID 21456 (started by 2440575 in C:\Users\2440575\Downloads\ISG25JFA003_E-Commerce\Backend)
2025-09-25T11:54:02.524+05:30 DEBUG 21456 --- [ecommerce] [main] c.c.e.s.impl.CartItemServiceImplTest     : Running with Spring Boot v3.3.1, Spring v6.1.10
2025-09-25T11:54:02.524+05:30  INFO 21456 --- [ecommerce] [main] c.c.e.s.impl.CartItemServiceImplTest     : No active profile set, falling back to 1 default profile: "default"
2025-09-25T11:54:04.131+05:30  INFO 21456 --- [ecommerce] [main] .s.d.r.c.RepositoryConfigurationDelegate : Bootstrapping Spring Data JPA repositories in DEFAULT mode.
2025-09-25T11:54:04.337+05:30  INFO 21456 --- [ecommerce] [main] .s.d.r.c.RepositoryConfigurationDelegate : Finished Spring Data repository scanning in 193 ms. Found 12 JPA repository interfaces.
2025-09-25T11:54:05.607+05:30  INFO 21456 --- [ecommerce] [main] o.hibernate.jpa.internal.util.LogHelper  : HHH000204: Processing PersistenceUnitInfo [name: default]
2025-09-25T11:54:05.813+05:30  INFO 21456 --- [ecommerce] [main] org.hibernate.Version                    : HHH000412: Hibernate ORM core version 6.5.2.Final
2025-09-25T11:54:05.981+05:30  INFO 21456 --- [ecommerce] [main] o.h.c.internal.RegionFactoryInitiator    : HHH000026: Second-level cache disabled
2025-09-25T11:54:06.734+05:30  INFO 21456 --- [ecommerce] [main] o.s.o.j.p.SpringPersistenceUnitInfo      : No LoadTimeWeaver setup: ignoring JPA class transformer
2025-09-25T11:54:06.779+05:30  INFO 21456 --- [ecommerce] [main] com.zaxxer.hikari.HikariDataSource       : HikariPool-1 - Starting...
2025-09-25T11:54:07.235+05:30  INFO 21456 --- [ecommerce] [main] com.zaxxer.hikari.pool.HikariPool        : HikariPool-1 - Added connection com.mysql.cj.jdbc.ConnectionImpl@163df259
2025-09-25T11:54:07.237+05:30  INFO 21456 --- [ecommerce] [main] com.zaxxer.hikari.HikariDataSource       : HikariPool-1 - Start completed.
2025-09-25T11:54:08.997+05:30  INFO 21456 --- [ecommerce] [main] o.h.e.t.j.p.i.JtaPlatformInitiator       : HHH000489: No JTA platform available (set 'hibernate.transaction.jta.platform' to enable JTA platform integration)
2025-09-25T11:54:09.272+05:30  INFO 21456 --- [ecommerce] [main] j.LocalContainerEntityManagerFactoryBean : Initialized JPA EntityManagerFactory for persistence unit 'default'
2025-09-25T11:54:10.550+05:30  INFO 21456 --- [ecommerce] [main] eAuthenticationProviderManagerConfigurer : Global AuthenticationManager configured with AuthenticationProvider bean with name authenticationProvider
2025-09-25T11:54:10.552+05:30  WARN 21456 --- [ecommerce] [main] r$InitializeUserDetailsManagerConfigurer : Global AuthenticationManager configured with an AuthenticationProvider bean. UserDetailsService beans will not be used for username/password login. Consider removing the AuthenticationProvider bean. Alternatively, consider using the UserDetailsService in a manually instantiated DaoAuthenticationProvider.
2025-09-25T11:54:10.892+05:30  WARN 21456 --- [ecommerce] [main] JpaBaseConfiguration$JpaWebConfiguration : spring.jpa.open-in-view is enabled by default. Therefore, database queries may be performed during view rendering. Explicitly configure spring.jpa.open-in-view to disable this warning
2025-09-25T11:54:12.442+05:30  INFO 21456 --- [ecommerce] [main] c.c.e.s.impl.CartItemServiceImplTest     : Started CartItemServiceImplTest in 10.599 seconds (process running for 12.779)
2025-09-25T11:54:14.583+05:30  INFO 21456 --- [ecommerce] [SpringApplicationShutdownHook] j.LocalContainerEntityManagerFactoryBean : Closing JPA EntityManagerFactory for persistence unit 'default'
2025-09-25T11:54:14.583+05:30  INFO 21456 --- [ecommerce] [SpringApplicationShutdownHook] com.zaxxer.hikari.HikariDataSource       : HikariPool-1 - Shutdown initiated...
2025-09-25T11:54:14.630+05:30  INFO 21456 --- [ecommerce] [SpringApplicationShutdownHook] com.zaxxer.hikari.HikariDataSource       : HikariPool-1 - Shutdown completed.
2025-09-25T11:54:25.948+05:30  INFO 29448 --- [ecommerce] [main] c.c.e.service.impl.CartServiceImplTest   : Starting CartServiceImplTest using Java 21 with PID 29448 (started by 2440575 in C:\Users\2440575\Downloads\ISG25JFA003_E-Commerce\Backend)
2025-09-25T11:54:25.948+05:30 DEBUG 29448 --- [ecommerce] [main] c.c.e.service.impl.CartServiceImplTest   : Running with Spring Boot v3.3.1, Spring v6.1.10
2025-09-25T11:54:25.948+05:30  INFO 29448 --- [ecommerce] [main] c.c.e.service.impl.CartServiceImplTest   : No active profile set, falling back to 1 default profile: "default"
2025-09-25T11:54:27.640+05:30  INFO 29448 --- [ecommerce] [main] .s.d.r.c.RepositoryConfigurationDelegate : Bootstrapping Spring Data JPA repositories in DEFAULT mode.
2025-09-25T11:54:27.838+05:30  INFO 29448 --- [ecommerce] [main] .s.d.r.c.RepositoryConfigurationDelegate : Finished Spring Data repository scanning in 178 ms. Found 12 JPA repository interfaces.
2025-09-25T11:54:28.921+05:30  INFO 29448 --- [ecommerce] [main] o.hibernate.jpa.internal.util.LogHelper  : HHH000204: Processing PersistenceUnitInfo [name: default]
2025-09-25T11:54:29.078+05:30  INFO 29448 --- [ecommerce] [main] org.hibernate.Version                    : HHH000412: Hibernate ORM core version 6.5.2.Final
2025-09-25T11:54:29.178+05:30  INFO 29448 --- [ecommerce] [main] o.h.c.internal.RegionFactoryInitiator    : HHH000026: Second-level cache disabled
2025-09-25T11:54:29.880+05:30  INFO 29448 --- [ecommerce] [main] o.s.o.j.p.SpringPersistenceUnitInfo      : No LoadTimeWeaver setup: ignoring JPA class transformer
2025-09-25T11:54:29.913+05:30  INFO 29448 --- [ecommerce] [main] com.zaxxer.hikari.HikariDataSource       : HikariPool-1 - Starting...
2025-09-25T11:54:30.352+05:30  INFO 29448 --- [ecommerce] [main] com.zaxxer.hikari.pool.HikariPool        : HikariPool-1 - Added connection com.mysql.cj.jdbc.ConnectionImpl@d978ab9
2025-09-25T11:54:30.356+05:30  INFO 29448 --- [ecommerce] [main] com.zaxxer.hikari.HikariDataSource       : HikariPool-1 - Start completed.
2025-09-25T11:54:32.013+05:30  INFO 29448 --- [ecommerce] [main] o.h.e.t.j.p.i.JtaPlatformInitiator       : HHH000489: No JTA platform available (set 'hibernate.transaction.jta.platform' to enable JTA platform integration)
2025-09-25T11:54:32.333+05:30  INFO 29448 --- [ecommerce] [main] j.LocalContainerEntityManagerFactoryBean : Initialized JPA EntityManagerFactory for persistence unit 'default'
2025-09-25T11:54:33.507+05:30  INFO 29448 --- [ecommerce] [main] eAuthenticationProviderManagerConfigurer : Global AuthenticationManager configured with AuthenticationProvider bean with name authenticationProvider
2025-09-25T11:54:33.507+05:30  WARN 29448 --- [ecommerce] [main] r$InitializeUserDetailsManagerConfigurer : Global AuthenticationManager configured with an AuthenticationProvider bean. UserDetailsService beans will not be used for username/password login. Consider removing the AuthenticationProvider bean. Alternatively, consider using the UserDetailsService in a manually instantiated DaoAuthenticationProvider.
2025-09-25T11:54:33.737+05:30  WARN 29448 --- [ecommerce] [main] JpaBaseConfiguration$JpaWebConfiguration : spring.jpa.open-in-view is enabled by default. Therefore, database queries may be performed during view rendering. Explicitly configure spring.jpa.open-in-view to disable this warning
2025-09-25T11:54:35.024+05:30  INFO 29448 --- [ecommerce] [main] c.c.e.service.impl.CartServiceImplTest   : Started CartServiceImplTest in 9.592 seconds (process running for 11.394)
2025-09-25T11:54:36.547+05:30  INFO 29448 --- [ecommerce] [SpringApplicationShutdownHook] j.LocalContainerEntityManagerFactoryBean : Closing JPA EntityManagerFactory for persistence unit 'default'
2025-09-25T11:54:36.553+05:30  INFO 29448 --- [ecommerce] [SpringApplicationShutdownHook] com.zaxxer.hikari.HikariDataSource       : HikariPool-1 - Shutdown initiated...
2025-09-25T11:54:36.572+05:30  INFO 29448 --- [ecommerce] [SpringApplicationShutdownHook] com.zaxxer.hikari.HikariDataSource       : HikariPool-1 - Shutdown completed.
