2025-09-23T18:12:06.565+05:30  INFO 23228 --- [ecommerce] [main] c.c.e.s.impl.ProductServiceImplTest      : Starting ProductServiceImplTest using Java 21 with PID 23228 (started by 2440575 in C:\Users\2440575\Downloads\ISG25JFA003_E-Commerce\Backend)
2025-09-23T18:12:06.567+05:30 DEBUG 23228 --- [ecommerce] [main] c.c.e.s.impl.ProductServiceImplTest      : Running with Spring Boot v3.3.1, Spring v6.1.10
2025-09-23T18:12:06.568+05:30  INFO 23228 --- [ecommerce] [main] c.c.e.s.impl.ProductServiceImplTest      : No active profile set, falling back to 1 default profile: "default"
2025-09-23T18:12:08.498+05:30  INFO 23228 --- [ecommerce] [main] .s.d.r.c.RepositoryConfigurationDelegate : Bootstrapping Spring Data JPA repositories in DEFAULT mode.
2025-09-23T18:12:08.735+05:30  INFO 23228 --- [ecommerce] [main] .s.d.r.c.RepositoryConfigurationDelegate : Finished Spring Data repository scanning in 224 ms. Found 12 JPA repository interfaces.
2025-09-23T18:12:10.142+05:30  INFO 23228 --- [ecommerce] [main] o.hibernate.jpa.internal.util.LogHelper  : HHH000204: Processing PersistenceUnitInfo [name: default]
2025-09-23T18:12:10.355+05:30  INFO 23228 --- [ecommerce] [main] org.hibernate.Version                    : HHH000412: Hibernate ORM core version 6.5.2.Final
2025-09-23T18:12:10.482+05:30  INFO 23228 --- [ecommerce] [main] o.h.c.internal.RegionFactoryInitiator    : HHH000026: Second-level cache disabled
2025-09-23T18:12:11.137+05:30  INFO 23228 --- [ecommerce] [main] o.s.o.j.p.SpringPersistenceUnitInfo      : No LoadTimeWeaver setup: ignoring JPA class transformer
2025-09-23T18:12:11.180+05:30  INFO 23228 --- [ecommerce] [main] com.zaxxer.hikari.HikariDataSource       : HikariPool-1 - Starting...
2025-09-23T18:12:11.885+05:30  INFO 23228 --- [ecommerce] [main] com.zaxxer.hikari.pool.HikariPool        : HikariPool-1 - Added connection com.mysql.cj.jdbc.ConnectionImpl@3bc891f2
2025-09-23T18:12:11.890+05:30  INFO 23228 --- [ecommerce] [main] com.zaxxer.hikari.HikariDataSource       : HikariPool-1 - Start completed.
2025-09-23T18:12:14.460+05:30  INFO 23228 --- [ecommerce] [main] o.h.e.t.j.p.i.JtaPlatformInitiator       : HHH000489: No JTA platform available (set 'hibernate.transaction.jta.platform' to enable JTA platform integration)
2025-09-23T18:12:14.826+05:30  INFO 23228 --- [ecommerce] [main] j.LocalContainerEntityManagerFactoryBean : Initialized JPA EntityManagerFactory for persistence unit 'default'
2025-09-23T18:12:16.231+05:30  INFO 23228 --- [ecommerce] [main] eAuthenticationProviderManagerConfigurer : Global AuthenticationManager configured with AuthenticationProvider bean with name authenticationProvider
2025-09-23T18:12:16.232+05:30  WARN 23228 --- [ecommerce] [main] r$InitializeUserDetailsManagerConfigurer : Global AuthenticationManager configured with an AuthenticationProvider bean. UserDetailsService beans will not be used for username/password login. Consider removing the AuthenticationProvider bean. Alternatively, consider using the UserDetailsService in a manually instantiated DaoAuthenticationProvider.
2025-09-23T18:12:16.472+05:30  WARN 23228 --- [ecommerce] [main] JpaBaseConfiguration$JpaWebConfiguration : spring.jpa.open-in-view is enabled by default. Therefore, database queries may be performed during view rendering. Explicitly configure spring.jpa.open-in-view to disable this warning
2025-09-23T18:12:18.084+05:30  INFO 23228 --- [ecommerce] [main] c.c.e.s.impl.ProductServiceImplTest      : Started ProductServiceImplTest in 12.156 seconds (process running for 15.155)
2025-09-23T18:12:20.116+05:30  INFO 23228 --- [ecommerce] [SpringApplicationShutdownHook] j.LocalContainerEntityManagerFactoryBean : Closing JPA EntityManagerFactory for persistence unit 'default'
2025-09-23T18:12:20.121+05:30  INFO 23228 --- [ecommerce] [SpringApplicationShutdownHook] com.zaxxer.hikari.HikariDataSource       : HikariPool-1 - Shutdown initiated...
2025-09-23T18:12:20.137+05:30  INFO 23228 --- [ecommerce] [SpringApplicationShutdownHook] com.zaxxer.hikari.HikariDataSource       : HikariPool-1 - Shutdown completed.
2025-09-23T18:12:51.100+05:30  INFO 14844 --- [ecommerce] [main] c.c.e.s.impl.CartItemServiceImplTest     : Starting CartItemServiceImplTest using Java 21 with PID 14844 (started by 2440575 in C:\Users\2440575\Downloads\ISG25JFA003_E-Commerce\Backend)
2025-09-23T18:12:51.101+05:30 DEBUG 14844 --- [ecommerce] [main] c.c.e.s.impl.CartItemServiceImplTest     : Running with Spring Boot v3.3.1, Spring v6.1.10
2025-09-23T18:12:51.102+05:30  INFO 14844 --- [ecommerce] [main] c.c.e.s.impl.CartItemServiceImplTest     : No active profile set, falling back to 1 default profile: "default"
2025-09-23T18:12:53.001+05:30  INFO 14844 --- [ecommerce] [main] .s.d.r.c.RepositoryConfigurationDelegate : Bootstrapping Spring Data JPA repositories in DEFAULT mode.
2025-09-23T18:12:53.213+05:30  INFO 14844 --- [ecommerce] [main] .s.d.r.c.RepositoryConfigurationDelegate : Finished Spring Data repository scanning in 200 ms. Found 12 JPA repository interfaces.
2025-09-23T18:12:54.530+05:30  INFO 14844 --- [ecommerce] [main] o.hibernate.jpa.internal.util.LogHelper  : HHH000204: Processing PersistenceUnitInfo [name: default]
2025-09-23T18:12:54.684+05:30  INFO 14844 --- [ecommerce] [main] org.hibernate.Version                    : HHH000412: Hibernate ORM core version 6.5.2.Final
2025-09-23T18:12:54.760+05:30  INFO 14844 --- [ecommerce] [main] o.h.c.internal.RegionFactoryInitiator    : HHH000026: Second-level cache disabled
2025-09-23T18:12:55.457+05:30  INFO 14844 --- [ecommerce] [main] o.s.o.j.p.SpringPersistenceUnitInfo      : No LoadTimeWeaver setup: ignoring JPA class transformer
2025-09-23T18:12:55.545+05:30  INFO 14844 --- [ecommerce] [main] com.zaxxer.hikari.HikariDataSource       : HikariPool-1 - Starting...
2025-09-23T18:12:56.199+05:30  INFO 14844 --- [ecommerce] [main] com.zaxxer.hikari.pool.HikariPool        : HikariPool-1 - Added connection com.mysql.cj.jdbc.ConnectionImpl@77f4038c
2025-09-23T18:12:56.206+05:30  INFO 14844 --- [ecommerce] [main] com.zaxxer.hikari.HikariDataSource       : HikariPool-1 - Start completed.
2025-09-23T18:12:58.362+05:30  INFO 14844 --- [ecommerce] [main] o.h.e.t.j.p.i.JtaPlatformInitiator       : HHH000489: No JTA platform available (set 'hibernate.transaction.jta.platform' to enable JTA platform integration)
2025-09-23T18:12:58.839+05:30  INFO 14844 --- [ecommerce] [main] j.LocalContainerEntityManagerFactoryBean : Initialized JPA EntityManagerFactory for persistence unit 'default'
2025-09-23T18:13:00.215+05:30  INFO 14844 --- [ecommerce] [main] eAuthenticationProviderManagerConfigurer : Global AuthenticationManager configured with AuthenticationProvider bean with name authenticationProvider
2025-09-23T18:13:00.216+05:30  WARN 14844 --- [ecommerce] [main] r$InitializeUserDetailsManagerConfigurer : Global AuthenticationManager configured with an AuthenticationProvider bean. UserDetailsService beans will not be used for username/password login. Consider removing the AuthenticationProvider bean. Alternatively, consider using the UserDetailsService in a manually instantiated DaoAuthenticationProvider.
2025-09-23T18:13:00.449+05:30  WARN 14844 --- [ecommerce] [main] JpaBaseConfiguration$JpaWebConfiguration : spring.jpa.open-in-view is enabled by default. Therefore, database queries may be performed during view rendering. Explicitly configure spring.jpa.open-in-view to disable this warning
2025-09-23T18:13:01.827+05:30  INFO 14844 --- [ecommerce] [main] c.c.e.s.impl.CartItemServiceImplTest     : Started CartItemServiceImplTest in 11.451 seconds (process running for 13.367)
2025-09-23T18:13:03.572+05:30  INFO 14844 --- [ecommerce] [SpringApplicationShutdownHook] j.LocalContainerEntityManagerFactoryBean : Closing JPA EntityManagerFactory for persistence unit 'default'
2025-09-23T18:13:03.576+05:30  INFO 14844 --- [ecommerce] [SpringApplicationShutdownHook] com.zaxxer.hikari.HikariDataSource       : HikariPool-1 - Shutdown initiated...
2025-09-23T18:13:03.610+05:30  INFO 14844 --- [ecommerce] [SpringApplicationShutdownHook] com.zaxxer.hikari.HikariDataSource       : HikariPool-1 - Shutdown completed.
